<?xml version="1.0" encoding="UTF-8"?>
<testng-results skipped="0" failed="0" ignored="0" total="2" passed="2">
  <reporter-output>
  </reporter-output>
  <suite name="Default suite" duration-ms="8994" started-at="2023-04-10T00:39:51 CDT" finished-at="2023-04-10T00:40:00 CDT">
    <groups>
    </groups>
    <test name="Default test" duration-ms="8994" started-at="2023-04-10T00:39:51 CDT" finished-at="2023-04-10T00:40:00 CDT">
      <class name="test.NssListTest">
        <test-method status="PASS" signature="Usecase3()[pri:0, instance:test.NssListTest@305fd85d]" name="Usecase3" duration-ms="5772" started-at="2023-04-10T00:39:51 CDT" finished-at="2023-04-10T00:39:57 CDT">
          <reporter-output>
          </reporter-output>
        </test-method> <!-- Usecase3 -->
        <test-method status="PASS" signature="initBrowserFactory()[pri:0, instance:test.NssListTest@305fd85d]" name="initBrowserFactory" duration-ms="3174" started-at="2023-04-10T00:39:57 CDT" finished-at="2023-04-10T00:40:00 CDT">
          <reporter-output>
          </reporter-output>
        </test-method> <!-- initBrowserFactory -->
      </class> <!-- test.NssListTest -->
    </test> <!-- Default test -->
  </suite> <!-- Default suite -->
</testng-results>
